Change Component Designator: Old Designator=C13 New Designator=C17
Change Component Designator: Old Designator=C14 New Designator=C18
Change Component Designator: Old Designator=C15 New Designator=C19
Change Component Designator: Old Designator=C16 New Designator=C20
Change Component Designator: Old Designator=C17 New Designator=C21
Change Component Designator: Old Designator=C18 New Designator=C22
Change Component Designator: Old Designator=C19 New Designator=C23
Change Component Designator: Old Designator=C20 New Designator=C24
Change Component Designator: Old Designator=C21 New Designator=C25
Change Component Designator: Old Designator=C22 New Designator=C26
Change Component Designator: Old Designator=C23 New Designator=C27
Change Component Designator: Old Designator=C24 New Designator=C28
Change Component Designator: Old Designator=C25 New Designator=C29
Change Component Designator: Old Designator=C26 New Designator=C30
Change Component Designator: Old Designator=C27 New Designator=C31
Change Component Designator: Old Designator=C28 New Designator=C32
Change Component Designator: Old Designator=C29 New Designator=C33
Change Component Designator: Old Designator=C30 New Designator=C34
Change Component Designator: Old Designator=C31 New Designator=C35
Change Component Designator: Old Designator=C32 New Designator=C36
Change Component Designator: Old Designator=C33 New Designator=C37
Change Component Designator: Old Designator=C34 New Designator=C38
Change Component Designator: Old Designator=C35 New Designator=C39
Change Component Designator: Old Designator=C36 New Designator=C40
Change Component Designator: Old Designator=C37 New Designator=C41
Change Component Designator: Old Designator=C38 New Designator=C42
Change Component Designator: Old Designator=C39 New Designator=C43
Change Component Designator: Old Designator=C40 New Designator=C44
Change Component Designator: Old Designator=C41 New Designator=C45
Change Component Designator: Old Designator=C42 New Designator=C46
Change Component Designator: Old Designator=C43 New Designator=C47
Change Component Designator: Old Designator=C44 New Designator=C48
Change Component Designator: Old Designator=C45 New Designator=C49
Change Component Designator: Old Designator=C46 New Designator=C50
Change Component Designator: Old Designator=C47 New Designator=C51
Change Component Designator: Old Designator=C48 New Designator=C52
Change Component Designator: Old Designator=C49 New Designator=C53
Change Component Designator: Old Designator=C50 New Designator=C54
Change Component Designator: Old Designator=C? New Designator=C13
Change Component Designator: Old Designator=C? New Designator=C14
Change Component Designator: Old Designator=C? New Designator=C15
Change Component Designator: Old Designator=C? New Designator=C16
Change Component Designator: Old Designator=R31 New Designator=R30
Change Component Designator: Old Designator=R32 New Designator=R31
Change Component Designator: Old Designator=R33 New Designator=R32
Change Component Designator: Old Designator=R34 New Designator=R33
Change Component Designator: Old Designator=R35 New Designator=R34
Change Component Designator: Old Designator=R36 New Designator=R35
Change Component Designator: Old Designator=R37 New Designator=R36
Change Component Designator: Old Designator=U2 New Designator=U3
Change Component Designator: Old Designator=U3 New Designator=U4
Change Component Designator: Old Designator=U4 New Designator=U5
Change Component Designator: Old Designator=U5 New Designator=U6
Change Component Designator: Old Designator=U6 New Designator=U7
Change Component Designator: Old Designator=U7 New Designator=U8
Change Component Designator: Old Designator=U8 New Designator=U9
Change Component Designator: Old Designator=U? New Designator=U2
