Removed Pin From Net: NetName=VCC3V3 Pin=C43-2
Removed Pin From Net: NetName=VCC3V3 Pin=C44-2
Removed Pin From Net: NetName=VCC3V3 Pin=IC1-2
Removed Pin From Net: NetName=VCC3V3 Pin=P3-1
Removed Pin From Net: NetName=VCC3V3 Pin=R19-2
Removed Pin From Net: NetName=CHIP_PU Pin=R30-1
Removed Pin From Net: NetName=ESP32_EN Pin=R30-2
Removed Member From Class: ClassName=keyboard_main Member=R37
Change Component Designator: OldDesignator=C13 NewDesignator=C17
Change Component Designator: OldDesignator=C14 NewDesignator=C18
Change Component Designator: OldDesignator=C15 NewDesignator=C19
Change Component Designator: OldDesignator=C16 NewDesignator=C20
Change Component Designator: OldDesignator=C17 NewDesignator=C21
Change Component Designator: OldDesignator=C18 NewDesignator=C22
Change Component Designator: OldDesignator=C19 NewDesignator=C23
Change Component Designator: OldDesignator=C20 NewDesignator=C24
Change Component Designator: OldDesignator=C21 NewDesignator=C25
Change Component Designator: OldDesignator=C22 NewDesignator=C26
Change Component Designator: OldDesignator=C23 NewDesignator=C27
Change Component Designator: OldDesignator=C24 NewDesignator=C28
Change Component Designator: OldDesignator=C25 NewDesignator=C29
Change Component Designator: OldDesignator=C26 NewDesignator=C30
Change Component Designator: OldDesignator=C27 NewDesignator=C31
Change Component Designator: OldDesignator=C28 NewDesignator=C32
Change Component Designator: OldDesignator=C29 NewDesignator=C33
Change Component Designator: OldDesignator=C30 NewDesignator=C34
Change Component Designator: OldDesignator=C31 NewDesignator=C35
Change Component Designator: OldDesignator=C32 NewDesignator=C36
Change Component Designator: OldDesignator=C33 NewDesignator=C37
Change Component Designator: OldDesignator=C34 NewDesignator=C38
Change Component Designator: OldDesignator=C35 NewDesignator=C39
Change Component Designator: OldDesignator=C36 NewDesignator=C40
Change Component Designator: OldDesignator=C37 NewDesignator=C41
Change Component Designator: OldDesignator=C38 NewDesignator=C42
Change Component Designator: OldDesignator=C39 NewDesignator=C43
Change Component Designator: OldDesignator=C40 NewDesignator=C44
Change Component Designator: OldDesignator=C41 NewDesignator=C45
Change Component Designator: OldDesignator=C42 NewDesignator=C46
Change Component Designator: OldDesignator=C43 NewDesignator=C47
Change Component Designator: OldDesignator=C44 NewDesignator=C48
Change Component Designator: OldDesignator=C45 NewDesignator=C49
Change Component Designator: OldDesignator=C46 NewDesignator=C50
Change Component Designator: OldDesignator=C47 NewDesignator=C51
Change Component Designator: OldDesignator=C48 NewDesignator=C52
Change Component Designator: OldDesignator=C49 NewDesignator=C53
Change Component Designator: OldDesignator=C50 NewDesignator=C54
Change Component Designator: OldDesignator=R31 NewDesignator=R30
Change Component Designator: OldDesignator=R32 NewDesignator=R31
Change Component Designator: OldDesignator=R33 NewDesignator=R32
Change Component Designator: OldDesignator=R34 NewDesignator=R33
Change Component Designator: OldDesignator=R35 NewDesignator=R34
Change Component Designator: OldDesignator=R36 NewDesignator=R35
Change Component Designator: OldDesignator=R37 NewDesignator=R36
Change Component Designator: OldDesignator=U2 NewDesignator=U3
Change Component Designator: OldDesignator=U3 NewDesignator=U4
Change Component Designator: OldDesignator=U4 NewDesignator=U5
Change Component Designator: OldDesignator=U5 NewDesignator=U6
Change Component Designator: OldDesignator=U6 NewDesignator=U7
Change Component Designator: OldDesignator=U7 NewDesignator=U8
Change Component Designator: OldDesignator=U8 NewDesignator=U9
Change Net Name : Old Net Name=NetC13_2 New Net Name=NetC17_2
Change Net Name : Old Net Name=NetC14_2 New Net Name=NetC18_2
Change Net Name : Old Net Name=NetC50_2 New Net Name=NetC54_2
Added Pin To Net: NetName=VCC_BLE Pin=C47-2
Added Pin To Net: NetName=VCC_BLE Pin=C48-2
Added Pin To Net: NetName=VCC_BLE Pin=IC1-2
Added Pin To Net: NetName=VCC_BLE Pin=P3-1
Added Pin To Net: NetName=VCC_BLE Pin=R19-2
Added Net: Name=VCC_BLE
Added Member To Class: ClassName=keyboard_main Member=Component C51 0.1uF
Added Member To Class: ClassName=keyboard_main Member=Component C52 4.7uF
Added Member To Class: ClassName=keyboard_main Member=Component C53 0.1uF
Added Member To Class: ClassName=keyboard_main Member=Component C54 0.1uF
Added Member To Class: ClassName=keyboard_main Member=Component U9 XB8886A
